0 info it worked if it ends with ok
1 verbose cli [
1 verbose cli   '/usr/local/lib/nodejs/node-v12.13.1-linux-x64/bin/node',
1 verbose cli   '/usr/bin/npm',
1 verbose cli   'run-script',
1 verbose cli   'compile'
1 verbose cli ]
2 info using npm@3.5.2
3 info using node@v12.13.1
4 verbose run-script [ 'precompile', 'compile', 'postcompile' ]
5 info lifecycle polar-bookshelf@1.60.12~precompile: polar-bookshelf@1.60.12
6 silly lifecycle polar-bookshelf@1.60.12~precompile: no script for precompile, continuing
7 info lifecycle polar-bookshelf@1.60.12~compile: polar-bookshelf@1.60.12
8 verbose lifecycle polar-bookshelf@1.60.12~compile: unsafe-perm in lifecycle true
9 verbose lifecycle polar-bookshelf@1.60.12~compile: PATH: /usr/share/npm/bin/node-gyp-bin:/home/thiago/polar-bookshelf/node_modules/.bin:/home/thiago/bin:/home/thiago/.local/kitty.app/bin:/home/thiago/.local/bin:/home/thiago/bin:/usr/local/sbin:/usr/local/bin:/usr/sbin:/usr/bin:/sbin:/bin:/usr/games:/usr/local/games:/snap/bin
10 verbose lifecycle polar-bookshelf@1.60.12~compile: CWD: /home/thiago/polar-bookshelf
11 silly lifecycle polar-bookshelf@1.60.12~compile: Args: [ '-c', 'tsc' ]
12 silly lifecycle polar-bookshelf@1.60.12~compile: Returned: code: 2  signal: null
13 info lifecycle polar-bookshelf@1.60.12~compile: Failed to exec compile script
14 verbose stack Error: polar-bookshelf@1.60.12 compile: `tsc`
14 verbose stack Exit status 2
14 verbose stack     at EventEmitter.<anonymous> (/usr/share/npm/lib/utils/lifecycle.js:232:16)
14 verbose stack     at EventEmitter.emit (events.js:210:5)
14 verbose stack     at ChildProcess.<anonymous> (/usr/share/npm/lib/utils/spawn.js:24:14)
14 verbose stack     at ChildProcess.emit (events.js:210:5)
14 verbose stack     at maybeClose (internal/child_process.js:1021:16)
14 verbose stack     at Process.ChildProcess._handle.onexit (internal/child_process.js:283:5)
15 verbose pkgid polar-bookshelf@1.60.12
16 verbose cwd /home/thiago/polar-bookshelf
17 error Linux 5.0.0-36-generic
18 error argv "/usr/local/lib/nodejs/node-v12.13.1-linux-x64/bin/node" "/usr/bin/npm" "run-script" "compile"
19 error node v12.13.1
20 error npm  v3.5.2
21 error code ELIFECYCLE
22 error polar-bookshelf@1.60.12 compile: `tsc`
22 error Exit status 2
23 error Failed at the polar-bookshelf@1.60.12 compile script 'tsc'.
23 error Make sure you have the latest version of node.js and npm installed.
23 error If you do, this is most likely a problem with the polar-bookshelf package,
23 error not with npm itself.
23 error Tell the author that this fails on your system:
23 error     tsc
23 error You can get information on how to open an issue for this project with:
23 error     npm bugs polar-bookshelf
23 error Or if that isn't available, you can get their info via:
23 error     npm owner ls polar-bookshelf
23 error There is likely additional logging output above.
24 verbose exit [ 1, true ]
